<?xml version="1.0" encoding="UTF-8"?>
<!-- Generated by org.testng.reporters.JUnitXMLReporter -->
<testsuite ignored="0" hostname="DESKTOP-6NQ8E1M" failures="0" tests="7" name="Test" time="85.514" errors="0" timestamp="2024-12-13T21:32:11 IST">
  <testcase classname="tests.TS001_SignUpTest" name="SignUpToDemoblaze" time="2.821"/>
  <testcase classname="tests.TS002_LoginTest" name="LoginToDemoBlaze" time="1.033"/>
  <testcase classname="tests.TS003_DashboardTest" name="seeWelcomeUserMessage" time="8.209"/>
  <testcase classname="tests.TS004_ProductDetailsTest" name="checkProductDetails" time="30.355"/>
  <testcase classname="tests.TS005_CartFunctionalityTest" name="validateCartFunctionality" time="6.737"/>
  <testcase classname="tests.TS006_PurchaseTest" name="purchaseFunctionality" time="12.293"/>
  <testcase classname="tests.TS007_LogoutTest" name="validateLogoutFunctionality" time="5.929"/>
</testsuite> <!-- Test -->
