<?xml version="1.0" encoding="UTF-8"?>
<testng-results ignored="0" total="7" passed="7" failed="0" skipped="0">
  <reporter-output>
  </reporter-output>
  <suite started-at="2024-12-13T21:30:46 IST" name="Suite" finished-at="2024-12-13T21:32:11 IST" duration-ms="85514">
    <groups>
    </groups>
    <test started-at="2024-12-13T21:30:46 IST" name="Test" finished-at="2024-12-13T21:32:11 IST" duration-ms="85514">
      <class name="tests.TS006_PurchaseTest">
        <test-method is-config="true" signature="openBrowser()[pri:0, instance:tests.TS006_PurchaseTest@8458f04]" started-at="2024-12-13T21:31:48 IST" name="openBrowser" finished-at="2024-12-13T21:31:50 IST" duration-ms="2409" status="PASS">
          <reporter-output>
          </reporter-output>
        </test-method> <!-- openBrowser -->
        <test-method signature="purchaseFunctionality()[pri:0, instance:tests.TS006_PurchaseTest@8458f04]" started-at="2024-12-13T21:31:50 IST" name="purchaseFunctionality" finished-at="2024-12-13T21:32:03 IST" duration-ms="12293" status="PASS">
          <reporter-output>
          </reporter-output>
        </test-method> <!-- purchaseFunctionality -->
        <test-method is-config="true" signature="takeScreenshot(org.testng.ITestResult)[pri:0, instance:tests.TS006_PurchaseTest@8458f04]" started-at="2024-12-13T21:32:03 IST" name="takeScreenshot" finished-at="2024-12-13T21:32:03 IST" duration-ms="2" status="PASS">
          <params>
            <param index="0">
              <value>
                <![CDATA[[TestResult name=purchaseFunctionality status=SUCCESS method=TS006_PurchaseTest.purchaseFunctionality()[pri:0, instance:tests.TS006_PurchaseTest@8458f04] output={null}]]]>
              </value>
            </param>
          </params>
          <reporter-output>
          </reporter-output>
        </test-method> <!-- takeScreenshot -->
      </class> <!-- tests.TS006_PurchaseTest -->
      <class name="tests.TS003_DashboardTest">
        <test-method is-config="true" signature="openBrowser()[pri:0, instance:tests.TS003_DashboardTest@909217e]" started-at="2024-12-13T21:30:55 IST" name="openBrowser" finished-at="2024-12-13T21:30:58 IST" duration-ms="2388" status="PASS">
          <reporter-output>
          </reporter-output>
        </test-method> <!-- openBrowser -->
        <test-method signature="seeWelcomeUserMessage()[pri:0, instance:tests.TS003_DashboardTest@909217e]" started-at="2024-12-13T21:30:58 IST" name="seeWelcomeUserMessage" finished-at="2024-12-13T21:31:06 IST" duration-ms="8209" status="PASS">
          <reporter-output>
          </reporter-output>
        </test-method> <!-- seeWelcomeUserMessage -->
        <test-method is-config="true" signature="takeScreenshot(org.testng.ITestResult)[pri:0, instance:tests.TS003_DashboardTest@909217e]" started-at="2024-12-13T21:31:06 IST" name="takeScreenshot" finished-at="2024-12-13T21:31:06 IST" duration-ms="1" status="PASS">
          <params>
            <param index="0">
              <value>
                <![CDATA[[TestResult name=seeWelcomeUserMessage status=SUCCESS method=TS003_DashboardTest.seeWelcomeUserMessage()[pri:0, instance:tests.TS003_DashboardTest@909217e] output={null}]]]>
              </value>
            </param>
          </params>
          <reporter-output>
          </reporter-output>
        </test-method> <!-- takeScreenshot -->
      </class> <!-- tests.TS003_DashboardTest -->
      <class name="tests.TS001_SignUpTest">
        <test-method is-config="true" signature="openBrowser()[pri:0, instance:tests.TS001_SignUpTest@470734c3]" started-at="2024-12-13T21:30:46 IST" name="openBrowser" finished-at="2024-12-13T21:30:49 IST" duration-ms="3725" status="PASS">
          <reporter-output>
          </reporter-output>
        </test-method> <!-- openBrowser -->
        <test-method signature="SignUpToDemoblaze()[pri:0, instance:tests.TS001_SignUpTest@470734c3]" started-at="2024-12-13T21:30:49 IST" name="SignUpToDemoblaze" finished-at="2024-12-13T21:30:52 IST" duration-ms="2821" status="PASS">
          <reporter-output>
          </reporter-output>
        </test-method> <!-- SignUpToDemoblaze -->
        <test-method is-config="true" signature="takeScreenshot(org.testng.ITestResult)[pri:0, instance:tests.TS001_SignUpTest@470734c3]" started-at="2024-12-13T21:30:52 IST" name="takeScreenshot" finished-at="2024-12-13T21:30:52 IST" duration-ms="4" status="PASS">
          <params>
            <param index="0">
              <value>
                <![CDATA[[TestResult name=SignUpToDemoblaze status=SUCCESS method=TS001_SignUpTest.SignUpToDemoblaze()[pri:0, instance:tests.TS001_SignUpTest@470734c3] output={null}]]]>
              </value>
            </param>
          </params>
          <reporter-output>
          </reporter-output>
        </test-method> <!-- takeScreenshot -->
      </class> <!-- tests.TS001_SignUpTest -->
      <class name="tests.TS005_CartFunctionalityTest">
        <test-method is-config="true" signature="openBrowser()[pri:0, instance:tests.TS005_CartFunctionalityTest@606e4010]" started-at="2024-12-13T21:31:39 IST" name="openBrowser" finished-at="2024-12-13T21:31:41 IST" duration-ms="2355" status="PASS">
          <reporter-output>
          </reporter-output>
        </test-method> <!-- openBrowser -->
        <test-method signature="validateCartFunctionality()[pri:0, instance:tests.TS005_CartFunctionalityTest@606e4010]" started-at="2024-12-13T21:31:41 IST" name="validateCartFunctionality" finished-at="2024-12-13T21:31:48 IST" duration-ms="6737" status="PASS">
          <reporter-output>
          </reporter-output>
        </test-method> <!-- validateCartFunctionality -->
        <test-method is-config="true" signature="takeScreenshot(org.testng.ITestResult)[pri:0, instance:tests.TS005_CartFunctionalityTest@606e4010]" started-at="2024-12-13T21:31:48 IST" name="takeScreenshot" finished-at="2024-12-13T21:31:48 IST" duration-ms="1" status="PASS">
          <params>
            <param index="0">
              <value>
                <![CDATA[[TestResult name=validateCartFunctionality status=SUCCESS method=TS005_CartFunctionalityTest.validateCartFunctionality()[pri:0, instance:tests.TS005_CartFunctionalityTest@606e4010] output={null}]]]>
              </value>
            </param>
          </params>
          <reporter-output>
          </reporter-output>
        </test-method> <!-- takeScreenshot -->
      </class> <!-- tests.TS005_CartFunctionalityTest -->
      <class name="tests.TS004_ProductDetailsTest">
        <test-method is-config="true" signature="openBrowser()[pri:0, instance:tests.TS004_ProductDetailsTest@18271936]" started-at="2024-12-13T21:31:06 IST" name="openBrowser" finished-at="2024-12-13T21:31:08 IST" duration-ms="2415" status="PASS">
          <reporter-output>
          </reporter-output>
        </test-method> <!-- openBrowser -->
        <test-method signature="checkProductDetails()[pri:0, instance:tests.TS004_ProductDetailsTest@18271936]" started-at="2024-12-13T21:31:08 IST" name="checkProductDetails" finished-at="2024-12-13T21:31:39 IST" duration-ms="30355" status="PASS">
          <reporter-output>
          </reporter-output>
        </test-method> <!-- checkProductDetails -->
        <test-method is-config="true" signature="takeScreenshot(org.testng.ITestResult)[pri:0, instance:tests.TS004_ProductDetailsTest@18271936]" started-at="2024-12-13T21:31:39 IST" name="takeScreenshot" finished-at="2024-12-13T21:31:39 IST" duration-ms="0" status="PASS">
          <params>
            <param index="0">
              <value>
                <![CDATA[[TestResult name=checkProductDetails status=SUCCESS method=TS004_ProductDetailsTest.checkProductDetails()[pri:0, instance:tests.TS004_ProductDetailsTest@18271936] output={null}]]]>
              </value>
            </param>
          </params>
          <reporter-output>
          </reporter-output>
        </test-method> <!-- takeScreenshot -->
      </class> <!-- tests.TS004_ProductDetailsTest -->
      <class name="tests.TS007_LogoutTest">
        <test-method is-config="true" signature="openBrowser()[pri:0, instance:tests.TS007_LogoutTest@48075da3]" started-at="2024-12-13T21:32:03 IST" name="openBrowser" finished-at="2024-12-13T21:32:05 IST" duration-ms="2473" status="PASS">
          <reporter-output>
          </reporter-output>
        </test-method> <!-- openBrowser -->
        <test-method signature="validateLogoutFunctionality()[pri:0, instance:tests.TS007_LogoutTest@48075da3]" started-at="2024-12-13T21:32:05 IST" name="validateLogoutFunctionality" finished-at="2024-12-13T21:32:11 IST" duration-ms="5929" status="PASS">
          <reporter-output>
          </reporter-output>
        </test-method> <!-- validateLogoutFunctionality -->
        <test-method is-config="true" signature="takeScreenshot(org.testng.ITestResult)[pri:0, instance:tests.TS007_LogoutTest@48075da3]" started-at="2024-12-13T21:32:11 IST" name="takeScreenshot" finished-at="2024-12-13T21:32:11 IST" duration-ms="0" status="PASS">
          <params>
            <param index="0">
              <value>
                <![CDATA[[TestResult name=validateLogoutFunctionality status=SUCCESS method=TS007_LogoutTest.validateLogoutFunctionality()[pri:0, instance:tests.TS007_LogoutTest@48075da3] output={null}]]]>
              </value>
            </param>
          </params>
          <reporter-output>
          </reporter-output>
        </test-method> <!-- takeScreenshot -->
      </class> <!-- tests.TS007_LogoutTest -->
      <class name="tests.TS002_LoginTest">
        <test-method is-config="true" signature="openBrowser()[pri:0, instance:tests.TS002_LoginTest@72035809]" started-at="2024-12-13T21:30:52 IST" name="openBrowser" finished-at="2024-12-13T21:30:54 IST" duration-ms="2273" status="PASS">
          <reporter-output>
          </reporter-output>
        </test-method> <!-- openBrowser -->
        <test-method signature="LoginToDemoBlaze()[pri:0, instance:tests.TS002_LoginTest@72035809]" started-at="2024-12-13T21:30:54 IST" name="LoginToDemoBlaze" finished-at="2024-12-13T21:30:55 IST" duration-ms="1033" status="PASS">
          <reporter-output>
          </reporter-output>
        </test-method> <!-- LoginToDemoBlaze -->
        <test-method is-config="true" signature="takeScreenshot(org.testng.ITestResult)[pri:0, instance:tests.TS002_LoginTest@72035809]" started-at="2024-12-13T21:30:55 IST" name="takeScreenshot" finished-at="2024-12-13T21:30:55 IST" duration-ms="3" status="PASS">
          <params>
            <param index="0">
              <value>
                <![CDATA[[TestResult name=LoginToDemoBlaze status=SUCCESS method=TS002_LoginTest.LoginToDemoBlaze()[pri:0, instance:tests.TS002_LoginTest@72035809] output={null}]]]>
              </value>
            </param>
          </params>
          <reporter-output>
          </reporter-output>
        </test-method> <!-- takeScreenshot -->
      </class> <!-- tests.TS002_LoginTest -->
    </test> <!-- Test -->
  </suite> <!-- Suite -->
</testng-results>
